<?xml version="1.0" encoding="UTF-8"?>
<!-- Generated by org.testng.reporters.JUnitReportReporter -->
<testsuite hostname="DESKTOP-58K56UT" failures="0" tests="1" name="base.PruebaNG" time="1.424" errors="0" timestamp="2022-10-25T17:37:04 CDT" skipped="0">
  <testcase classname="base.PruebaNG" name="login" time="1.424"/>
  <system-out>
    <![CDATA[Element is present in the page
Si fue posible realizar scroll en el web element ---> <b> xpath: //input[contains(@name,'username')]]</b>
El texto a ingresar es: Admin
Si fue posible realizar scroll en el web element ---> <b> xpath: //input[contains(@name,'password')]]</b>
El texto a ingresar es: admin123]]>
  </system-out>
</testsuite> <!-- base.PruebaNG -->
